This is pdfTeX, Version 3.14159265-2.6-1.40.17 (TeX Live 2016/W32TeX) (preloaded format=pdflatex 2019.7.2)  18 JUN 2020 21:32
entering extended mode
 restricted \write18 enabled.
 %&-line parsing enabled.
**./elsarticle-template.tex
(./elsarticle-template.tex
LaTeX2e <2016/03/31>
Babel <3.9r> and hyphenation patterns for 7 language(s) loaded.
(d:/latex/installing of texlive/texmf-dist/tex/latex/elsarticle/elsarticle.cls
Document Class: elsarticle 2009/09/17, 1.2.0: Elsevier Ltd
\@bls=\dimen102
(d:/latex/installing of texlive/texmf-dist/tex/latex/base/article.cls
Document Class: article 2014/09/29 v1.4h Standard LaTeX document class
(d:/latex/installing of texlive/texmf-dist/tex/latex/base/size10.clo
File: size10.clo 2014/09/29 v1.4h Standard LaTeX file (size option)
)
\c@part=\count79
\c@section=\count80
\c@subsection=\count81
\c@subsubsection=\count82
\c@paragraph=\count83
\c@subparagraph=\count84
\c@figure=\count85
\c@table=\count86
\abovecaptionskip=\skip41
\belowcaptionskip=\skip42
\bibindent=\dimen103
)
(d:/latex/installing of texlive/texmf-dist/tex/latex/graphics/graphicx.sty
Package: graphicx 2014/10/28 v1.0g Enhanced LaTeX Graphics (DPC,SPQR)

(d:/latex/installing of texlive/texmf-dist/tex/latex/graphics/keyval.sty
Package: keyval 2014/10/28 v1.15 key=value parser (DPC)
\KV@toks@=\toks14
)
(d:/latex/installing of texlive/texmf-dist/tex/latex/graphics/graphics.sty
Package: graphics 2016/05/09 v1.0r Standard LaTeX Graphics (DPC,SPQR)

(d:/latex/installing of texlive/texmf-dist/tex/latex/graphics/trig.sty
Package: trig 2016/01/03 v1.10 sin cos tan (DPC)
)
(d:/latex/installing of texlive/texmf-dist/tex/latex/graphics-cfg/graphics.cfg
File: graphics.cfg 2016/01/02 v1.10 sample graphics configuration
)
Package graphics Info: Driver file: pdftex.def on input line 96.
(d:/latex/installing of texlive/texmf-dist/tex/latex/pdftex-def/pdftex.def
File: pdftex.def 2011/05/27 v0.06d Graphics/color for pdfTeX

(d:/latex/installing of texlive/texmf-dist/tex/generic/oberdiek/infwarerr.sty
Package: infwarerr 2016/05/16 v1.4 Providing info/warning/error messages (HO)
)
(d:/latex/installing of texlive/texmf-dist/tex/generic/oberdiek/ltxcmds.sty
Package: ltxcmds 2016/05/16 v1.23 LaTeX kernel commands for general use (HO)
)
\Gread@gobject=\count87
))
\Gin@req@height=\dimen104
\Gin@req@width=\dimen105
) (d:/latex/installing of texlive/texmf-dist/tex/latex/psnfss/pifont.sty
Package: pifont 2005/04/12 PSNFSS-v9.2a Pi font support (SPQR) 
LaTeX Font Info:    Try loading font information for U+pzd on input line 63.

(d:/latex/installing of texlive/texmf-dist/tex/latex/psnfss/upzd.fd
File: upzd.fd 2001/06/04 font definitions for U/pzd.
)
LaTeX Font Info:    Try loading font information for U+psy on input line 64.

(d:/latex/installing of texlive/texmf-dist/tex/latex/psnfss/upsy.fd
File: upsy.fd 2001/06/04 font definitions for U/psy.
))
\c@tnote=\count88
\c@fnote=\count89
\c@cnote=\count90
\c@ead=\count91
\c@author=\count92
\@eadauthor=\toks15
\c@affn=\count93
\absbox=\box26
\keybox=\box27
\Columnwidth=\dimen106
\space@left=\dimen107
\els@boxa=\box28
\els@boxb=\box29
\leftMargin=\dimen108
\@enLab=\toks16
\@sep=\skip43
\@@sep=\skip44

(./elsarticle-template.spl)
(d:/latex/installing of texlive/texmf-dist/tex/latex/natbib/natbib.sty
Package: natbib 2010/09/13 8.31b (PWD, AO)
\bibhang=\skip45
\bibsep=\skip46
LaTeX Info: Redefining \cite on input line 694.
\c@NAT@ctr=\count94
)
\splwrite=\write3
\openout3 = `elsarticle-template.spl'.

)
(d:/latex/installing of texlive/texmf-dist/tex/latex/psnfss/times.sty
Package: times 2005/04/12 PSNFSS-v9.2a (SPQR) 
)
(d:/latex/installing of texlive/texmf-dist/tex/latex/graphics/epsfig.sty
Package: epsfig 1999/02/16 v1.7a (e)psfig emulation (SPQR)
\epsfxsize=\dimen109
\epsfysize=\dimen110
)
(d:/latex/installing of texlive/texmf-dist/tex/latex/amsmath/amsmath.sty
Package: amsmath 2016/03/10 v2.15b AMS math features
\@mathmargin=\skip47

For additional information on amsmath, use the `?' option.
(d:/latex/installing of texlive/texmf-dist/tex/latex/amsmath/amstext.sty
Package: amstext 2000/06/29 v2.01 AMS text

(d:/latex/installing of texlive/texmf-dist/tex/latex/amsmath/amsgen.sty
File: amsgen.sty 1999/11/30 v2.0 generic functions
\@emptytoks=\toks17
\ex@=\dimen111
))
(d:/latex/installing of texlive/texmf-dist/tex/latex/amsmath/amsbsy.sty
Package: amsbsy 1999/11/29 v1.2d Bold Symbols
\pmbraise@=\dimen112
)
(d:/latex/installing of texlive/texmf-dist/tex/latex/amsmath/amsopn.sty
Package: amsopn 2016/03/08 v2.02 operator names
)
\inf@bad=\count95
LaTeX Info: Redefining \frac on input line 199.
\uproot@=\count96
\leftroot@=\count97
LaTeX Info: Redefining \overline on input line 297.
\classnum@=\count98
\DOTSCASE@=\count99
LaTeX Info: Redefining \ldots on input line 394.
LaTeX Info: Redefining \dots on input line 397.
LaTeX Info: Redefining \cdots on input line 518.
\Mathstrutbox@=\box30
\strutbox@=\box31
\big@size=\dimen113
LaTeX Font Info:    Redeclaring font encoding OML on input line 634.
LaTeX Font Info:    Redeclaring font encoding OMS on input line 635.
\macc@depth=\count100
\c@MaxMatrixCols=\count101
\dotsspace@=\muskip10
\c@parentequation=\count102
\dspbrk@lvl=\count103
\tag@help=\toks18
\row@=\count104
\column@=\count105
\maxfields@=\count106
\andhelp@=\toks19
\eqnshift@=\dimen114
\alignsep@=\dimen115
\tagshift@=\dimen116
\tagwidth@=\dimen117
\totwidth@=\dimen118
\lineht@=\dimen119
\@envbody=\toks20
\multlinegap=\skip48
\multlinetaggap=\skip49
\mathdisplay@stack=\toks21
LaTeX Info: Redefining \[ on input line 2739.
LaTeX Info: Redefining \] on input line 2740.
)
(d:/latex/installing of texlive/texmf-dist/tex/latex/amsfonts/amssymb.sty
Package: amssymb 2013/01/14 v3.01 AMS font symbols

(d:/latex/installing of texlive/texmf-dist/tex/latex/amsfonts/amsfonts.sty
Package: amsfonts 2013/01/14 v3.01 Basic AMSFonts support
\symAMSa=\mathgroup4
\symAMSb=\mathgroup5
LaTeX Font Info:    Overwriting math alphabet `\mathfrak' in version `bold'
(Font)                  U/euf/m/n --> U/euf/b/n on input line 106.
))
(d:/latex/installing of texlive/texmf-dist/tex/latex/multirow/multirow.sty
\bigstrutjot=\dimen120
)
(d:/latex/installing of texlive/texmf-dist/tex/latex/tools/longtable.sty
Package: longtable 2014/10/28 v4.11 Multi-page Table package (DPC)
\LTleft=\skip50
\LTright=\skip51
\LTpre=\skip52
\LTpost=\skip53
\LTchunksize=\count107
\LTcapwidth=\dimen121
\LT@head=\box32
\LT@firsthead=\box33
\LT@foot=\box34
\LT@lastfoot=\box35
\LT@cols=\count108
\LT@rows=\count109
\c@LT@tables=\count110
\c@LT@chunks=\count111
\LT@p@ftn=\toks22
)
(d:/latex/installing of texlive/texmf-dist/tex/latex/graphics/color.sty
Package: color 2016/05/09 v1.1c Standard LaTeX Color (DPC)

(d:/latex/installing of texlive/texmf-dist/tex/latex/graphics-cfg/color.cfg
File: color.cfg 2016/01/02 v1.6 sample color configuration
)
Package color Info: Driver file: pdftex.def on input line 144.
)
(d:/latex/installing of texlive/texmf-dist/tex/latex/rotating/rotating.sty
Package: rotating 2009/03/28 v2.16a rotated objects in LaTeX

(d:/latex/installing of texlive/texmf-dist/tex/latex/base/ifthen.sty
Package: ifthen 2014/09/29 v1.1c Standard LaTeX ifthen package (DPC)
)
\c@r@tfl@t=\count112
\rotFPtop=\skip54
\rotFPbot=\skip55
\rot@float@box=\box36
\rot@mess@toks=\toks23
)
(d:/latex/installing of texlive/texmf-dist/tex/latex/makecell/makecell.sty
Package: makecell 2009/08/03 V0.1e Managing of Tab Column Heads and Cells

(d:/latex/installing of texlive/texmf-dist/tex/latex/tools/array.sty
Package: array 2014/10/28 v2.4c Tabular extension package (FMi)
\col@sep=\dimen122
\extrarowheight=\dimen123
\NC@list=\toks24
\extratabsurround=\skip56
\backup@length=\skip57
)
\rotheadsize=\dimen124
\c@nlinenum=\count113
\TeXr@lab=\toks25
)
(d:/latex/installing of texlive/texmf-dist/tex/latex/booktabs/booktabs.sty
Package: booktabs 2016/04/27 v1.618033 publication quality tables
\heavyrulewidth=\dimen125
\lightrulewidth=\dimen126
\cmidrulewidth=\dimen127
\belowrulesep=\dimen128
\belowbottomsep=\dimen129
\aboverulesep=\dimen130
\abovetopsep=\dimen131
\cmidrulesep=\dimen132
\cmidrulekern=\dimen133
\defaultaddspace=\dimen134
\@cmidla=\count114
\@cmidlb=\count115
\@aboverulesep=\dimen135
\@belowrulesep=\dimen136
\@thisruleclass=\count116
\@lastruleclass=\count117
\@thisrulewidth=\dimen137
)
(d:/latex/installing of texlive/texmf-dist/tex/latex/colortbl/colortbl.sty
Package: colortbl 2012/02/13 v1.0a Color table columns (DPC)
\everycr=\toks26
\minrowclearance=\skip58
)
(d:/latex/installing of texlive/texmf-dist/tex/latex/arydshln/arydshln.sty
Package: arydshln 2016/04/28 v1.73 
\dashlinedash=\dimen138
\dashlinegap=\dimen139
\adl@box=\box37
\adl@height=\dimen140
\adl@heightsave=\dimen141
\adl@depth=\dimen142
\adl@depthsave=\dimen143
\adl@finaldepth=\dimen144
\adl@columns=\count118
\adl@ncol=\count119
\adl@currentcolumn=\count120
\adl@currentcolumnsave=\count121
\adl@totalheight=\count122
\adl@totalheightsave=\count123
\adl@dash=\count124
\adl@gap=\count125
\adl@cla=\count126
\adl@clb=\count127
\adl@everyvbox=\toks27
\adl@LTpagetotal=\dimen145
)
(d:/latex/installing of texlive/texmf-dist/tex/latex/jknapltx/mathrsfs.sty
Package: mathrsfs 1996/01/01 Math RSFS package v1.0 (jk)
\symrsfs=\mathgroup6
)
(d:/latex/installing of texlive/texmf-dist/tex/latex/lineno/lineno.sty
Package: lineno 2005/11/02 line numbers on paragraphs v4.41
\linenopenalty=\count128
\output=\toks28
\linenoprevgraf=\count129
\linenumbersep=\dimen146
\linenumberwidth=\dimen147
\c@linenumber=\count130
\c@pagewiselinenumber=\count131
\c@LN@truepage=\count132
\c@internallinenumber=\count133
\c@internallinenumbers=\count134
\quotelinenumbersep=\dimen148
\bframerule=\dimen149
\bframesep=\dimen150
\bframebox=\box38
LaTeX Info: Redefining \\ on input line 3056.
)
(d:/latex/installing of texlive/texmf-dist/tex/latex/hyperref/hyperref.sty
Package: hyperref 2016/05/05 v6.83n Hypertext links for LaTeX

(d:/latex/installing of texlive/texmf-dist/tex/generic/oberdiek/hobsub-hyperref
.sty
Package: hobsub-hyperref 2016/05/16 v1.14 Bundle oberdiek, subset hyperref (HO)


(d:/latex/installing of texlive/texmf-dist/tex/generic/oberdiek/hobsub-generic.
sty
Package: hobsub-generic 2016/05/16 v1.14 Bundle oberdiek, subset generic (HO)
Package: hobsub 2016/05/16 v1.14 Construct package bundles (HO)
Package hobsub Info: Skipping package `infwarerr' (already loaded).
Package hobsub Info: Skipping package `ltxcmds' (already loaded).
Package: ifluatex 2016/05/16 v1.4 Provides the ifluatex switch (HO)
Package ifluatex Info: LuaTeX not detected.
Package: ifvtex 2016/05/16 v1.6 Detect VTeX and its facilities (HO)
Package ifvtex Info: VTeX not detected.
Package: intcalc 2016/05/16 v1.2 Expandable calculations with integers (HO)
Package: ifpdf 2016/05/14 v3.1 Provides the ifpdf switch
Package: etexcmds 2016/05/16 v1.6 Avoid name clashes with e-TeX commands (HO)
Package etexcmds Info: Could not find \expanded.
(etexcmds)             That can mean that you are not using pdfTeX 1.50 or
(etexcmds)             that some package has redefined \expanded.
(etexcmds)             In the latter case, load this package earlier.
Package: kvsetkeys 2016/05/16 v1.17 Key value parser (HO)
Package: kvdefinekeys 2016/05/16 v1.4 Define keys (HO)
Package: pdftexcmds 2016/05/10 v0.21 Utility functions of pdfTeX for LuaTeX (HO
)
Package pdftexcmds Info: LuaTeX not detected.
Package pdftexcmds Info: \pdf@primitive is available.
Package pdftexcmds Info: \pdf@ifprimitive is available.
Package pdftexcmds Info: \pdfdraftmode found.
Package: pdfescape 2016/05/16 v1.14 Implements pdfTeX's escape features (HO)
Package: bigintcalc 2016/05/16 v1.4 Expandable calculations on big integers (HO
)
Package: bitset 2016/05/16 v1.2 Handle bit-vector datatype (HO)
Package: uniquecounter 2016/05/16 v1.3 Provide unlimited unique counter (HO)
)
Package hobsub Info: Skipping package `hobsub' (already loaded).
Package: letltxmacro 2016/05/16 v1.5 Let assignment for LaTeX macros (HO)
Package: hopatch 2016/05/16 v1.3 Wrapper for package hooks (HO)
Package: xcolor-patch 2016/05/16 xcolor patch
Package: atveryend 2016/05/16 v1.9 Hooks at the very end of document (HO)
Package atveryend Info: \enddocument detected (standard20110627).
Package: atbegshi 2016/05/16 v1.17 At begin shipout hook (HO)
Package: refcount 2016/05/16 v3.5 Data extraction from label references (HO)
Package: hycolor 2016/05/16 v1.8 Color options for hyperref/bookmark (HO)
)
(d:/latex/installing of texlive/texmf-dist/tex/generic/ifxetex/ifxetex.sty
Package: ifxetex 2010/09/12 v0.6 Provides ifxetex conditional
)
(d:/latex/installing of texlive/texmf-dist/tex/latex/oberdiek/auxhook.sty
Package: auxhook 2016/05/16 v1.4 Hooks for auxiliary files (HO)
)
(d:/latex/installing of texlive/texmf-dist/tex/latex/oberdiek/kvoptions.sty
Package: kvoptions 2016/05/16 v3.12 Key value format for package options (HO)
)
\@linkdim=\dimen151
\Hy@linkcounter=\count135
\Hy@pagecounter=\count136

(d:/latex/installing of texlive/texmf-dist/tex/latex/hyperref/pd1enc.def
File: pd1enc.def 2016/05/05 v6.83n Hyperref: PDFDocEncoding definition (HO)
)
\Hy@SavedSpaceFactor=\count137

(d:/latex/installing of texlive/texmf-dist/tex/latex/latexconfig/hyperref.cfg
File: hyperref.cfg 2002/06/06 v1.2 hyperref configuration of TeXLive
)
Package hyperref Info: Hyper figures OFF on input line 4446.
Package hyperref Info: Link nesting OFF on input line 4451.
Package hyperref Info: Hyper index ON on input line 4454.
Package hyperref Info: Plain pages OFF on input line 4461.
Package hyperref Info: Backreferencing OFF on input line 4466.
Package hyperref Info: Implicit mode ON; LaTeX internals redefined.
Package hyperref Info: Bookmarks ON on input line 4691.
\c@Hy@tempcnt=\count138

(d:/latex/installing of texlive/texmf-dist/tex/latex/url/url.sty
\Urlmuskip=\muskip11
Package: url 2013/09/16  ver 3.4  Verb mode for urls, etc.
)
LaTeX Info: Redefining \url on input line 5044.
\XeTeXLinkMargin=\dimen152
\Fld@menulength=\count139
\Field@Width=\dimen153
\Fld@charsize=\dimen154
Package hyperref Info: Hyper figures OFF on input line 6298.
Package hyperref Info: Link nesting OFF on input line 6303.
Package hyperref Info: Hyper index ON on input line 6306.
Package hyperref Info: backreferencing OFF on input line 6313.
Package hyperref Info: Link coloring OFF on input line 6318.
Package hyperref Info: Link coloring with OCG OFF on input line 6323.
Package hyperref Info: PDF/A mode OFF on input line 6328.
LaTeX Info: Redefining \ref on input line 6368.
LaTeX Info: Redefining \pageref on input line 6372.
\Hy@abspage=\count140
\c@Item=\count141
\c@Hfootnote=\count142
)

Package hyperref Message: Driver (autodetected): hpdftex.

(d:/latex/installing of texlive/texmf-dist/tex/latex/hyperref/hpdftex.def
File: hpdftex.def 2016/05/05 v6.83n Hyperref driver for pdfTeX
\Fld@listcount=\count143
\c@bookmark@seq@number=\count144

(d:/latex/installing of texlive/texmf-dist/tex/latex/oberdiek/rerunfilecheck.st
y
Package: rerunfilecheck 2016/05/16 v1.8 Rerun checks for auxiliary files (HO)
Package uniquecounter Info: New unique counter `rerunfilecheck' on input line 2
82.
)
\Hy@SectionHShift=\skip59
) (./elsarticle-template.aux

LaTeX Warning: Label `tab:overlapping' multiply defined.


LaTeX Warning: Label `tab:overlapping' multiply defined.


LaTeX Warning: Label `tab:overlapping' multiply defined.


LaTeX Warning: Label `fig:short' multiply defined.


LaTeX Warning: Label `tab:overlapping' multiply defined.

)
\openout1 = `elsarticle-template.aux'.

LaTeX Font Info:    Checking defaults for OML/cmm/m/it on input line 56.
LaTeX Font Info:    ... okay on input line 56.
LaTeX Font Info:    Checking defaults for T1/cmr/m/n on input line 56.
LaTeX Font Info:    ... okay on input line 56.
LaTeX Font Info:    Checking defaults for OT1/cmr/m/n on input line 56.
LaTeX Font Info:    ... okay on input line 56.
LaTeX Font Info:    Checking defaults for OMS/cmsy/m/n on input line 56.
LaTeX Font Info:    ... okay on input line 56.
LaTeX Font Info:    Checking defaults for OMX/cmex/m/n on input line 56.
LaTeX Font Info:    ... okay on input line 56.
LaTeX Font Info:    Checking defaults for U/cmr/m/n on input line 56.
LaTeX Font Info:    ... okay on input line 56.
LaTeX Font Info:    Checking defaults for PD1/pdf/m/n on input line 56.
LaTeX Font Info:    ... okay on input line 56.
LaTeX Font Info:    Try loading font information for OT1+ptm on input line 56.
 (d:/latex/installing of texlive/texmf-dist/tex/latex/psnfss/ot1ptm.fd
File: ot1ptm.fd 2001/06/04 font definitions for OT1/ptm.
)
(d:/latex/installing of texlive/texmf-dist/tex/context/base/mkii/supp-pdf.mkii
[Loading MPS to PDF converter (version 2006.09.02).]
\scratchcounter=\count145
\scratchdimen=\dimen155
\scratchbox=\box39
\nofMPsegments=\count146
\nofMParguments=\count147
\everyMPshowfont=\toks29
\MPscratchCnt=\count148
\MPscratchDim=\dimen156
\MPnumerator=\count149
\makeMPintoPDFobject=\count150
\everyMPtoPDFconversion=\toks30
)
(d:/latex/installing of texlive/texmf-dist/tex/latex/oberdiek/epstopdf-base.sty
Package: epstopdf-base 2016/05/15 v2.6 Base part for package epstopdf
(d:/latex/installing of texlive/texmf-dist/tex/latex/oberdiek/grfext.sty
Package: grfext 2016/05/16 v1.2 Manage graphics extensions (HO)
)
Package grfext Info: Graphics extension search list:
(grfext)             [.png,.pdf,.jpg,.mps,.jpeg,.jbig2,.jb2,.PNG,.PDF,.JPG,.JPE
G,.JBIG2,.JB2,.eps]
(grfext)             \AppendGraphicsExtensions on input line 456.

(d:/latex/installing of texlive/texmf-dist/tex/latex/latexconfig/epstopdf-sys.c
fg
File: epstopdf-sys.cfg 2010/07/13 v1.3 Configuration of (r)epstopdf for TeX Liv
e
))
\AtBeginShipoutBox=\box40
Package hyperref Info: Link coloring OFF on input line 56.
 (d:/latex/installing of texlive/texmf-dist/tex/latex/hyperref/nameref.sty
Package: nameref 2012/10/27 v2.43 Cross-referencing by name of section

(d:/latex/installing of texlive/texmf-dist/tex/generic/oberdiek/gettitlestring.
sty
Package: gettitlestring 2016/05/16 v1.5 Cleanup title references (HO)
)
\c@section@level=\count151
)
LaTeX Info: Redefining \ref on input line 56.
LaTeX Info: Redefining \pageref on input line 56.
LaTeX Info: Redefining \nameref on input line 56.
 (./elsarticle-template.out) (./elsarticle-template.out)
\@outlinefile=\write4
\openout4 = `elsarticle-template.out'.

LaTeX Font Info:    Font shape `OT1/ptm/bx/n' in size <10> not available
(Font)              Font shape `OT1/ptm/b/n' tried instead on input line 86.
LaTeX Font Info:    Try loading font information for OT1+pcr on input line 87.

(d:/latex/installing of texlive/texmf-dist/tex/latex/psnfss/ot1pcr.fd
File: ot1pcr.fd 2001/06/04 font definitions for OT1/pcr.
)
LaTeX Font Info:    Font shape `OT1/pcr/m/it' in size <10> not available
(Font)              Font shape `OT1/pcr/m/sl' tried instead on input line 87.
LaTeX Font Info:    Try loading font information for U+msa on input line 87.

(d:/latex/installing of texlive/texmf-dist/tex/latex/amsfonts/umsa.fd
File: umsa.fd 2013/01/14 v3.01 AMS symbols A
)
LaTeX Font Info:    Try loading font information for U+msb on input line 87.

(d:/latex/installing of texlive/texmf-dist/tex/latex/amsfonts/umsb.fd
File: umsb.fd 2013/01/14 v3.01 AMS symbols B
)
LaTeX Font Info:    Try loading font information for U+rsfs on input line 87.

(d:/latex/installing of texlive/texmf-dist/tex/latex/jknapltx/ursfs.fd
File: ursfs.fd 1998/03/24 rsfs font definition file (jk)
)
LaTeX Font Info:    Try loading font information for OT1+phv on input line 99.

(d:/latex/installing of texlive/texmf-dist/tex/latex/psnfss/ot1phv.fd
File: ot1phv.fd 2001/06/04 scalable font definitions for OT1/phv.
)
Underfull \hbox (badness 10000) in paragraph at lines 100--101

 []

[1


{d:/latex/installing of texlive/texmf-var/fonts/map/pdftex/updmap/pdftex.map}] 
[2]
Overfull \hbox (4.99722pt too wide) in paragraph at lines 114--115
\OT1/ptm/m/it/10 fold and gen-er-at-ing the pro-posed Rie-man-nian co-vari-ance
 de-scrip-tors (RieCovDs). 
 []


Underfull \hbox (badness 10000) in paragraph at lines 120--121

 []

[3] [4]

pdfTeX warning: pdflatex.exe (file ./Fig1.pdf): PDF inclusion: found PDF versio
n <1.7>, but at most version <1.5> allowed
<Fig1.pdf, id=189, 919.03348pt x 452.4102pt>
File: Fig1.pdf Graphic file (type pdf)
 <use Fig1.pdf>
Package pdftex.def Info: Fig1.pdf used on input line 134.
(pdftex.def)             Requested size: 341.5519pt x 168.13469pt.
 [5] [6 <./Fig1.pdf>] [7]
LaTeX Font Info:    Font shape `OT1/ptm/bx/n' in size <7> not available
(Font)              Font shape `OT1/ptm/b/n' tried instead on input line 201.
 [8]

Package natbib Warning: Citation `chen2019more' on page 9 undefined on input li
ne 220.

[9] [10] [11]
Overfull \hbox (7.80608pt too wide) in paragraph at lines 288--289
[]\OT1/ptm/m/n/10 The space of $\OML/cmm/m/it/10 k$\OT1/ptm/m/n/10 -dimensional
 Gaus-sian mod-els is a Rie-man-nian man-i-fold. Let $\OMS/cmsy/m/n/10 N\OT1/cm
r/m/n/10 (\OML/cmm/m/it/10 ^^V; \OT1/cmr/m/n/10 ^^F)$
 []


Overfull \hbox (22.23654pt too wide) in paragraph at lines 305--307
\OT1/ptm/m/n/10 SPD man-i-fold $\OML/cmm/m/it/10 S[]$\OT1/ptm/m/n/10 . For the 
set of $\OML/cmm/m/it/10 N$ $k$\OT1/ptm/m/n/10 -dimensional Gaus-sian mod-els: 
$\U/msb/m/n/10 X$ \OT1/ptm/m/n/10 = $\OMS/cmsy/m/n/10 f$$X[]$\OT1/ptm/m/n/10 ,$
\OMS/cmsy/m/n/10 X[]$\OT1/ptm/m/n/10 ,...,$\OMS/cmsy/m/n/10 X[]$$j$$X[]$
 []

[12] [13] [14] [15] [16]
LaTeX Font Info:    Font shape `OT1/ptm/bx/n' in size <17.28> not available
(Font)              Font shape `OT1/ptm/b/n' tried instead on input line 519.
 [17] [18]

pdfTeX warning: pdflatex.exe (file ./Res_ETH.pdf): PDF inclusion: found PDF ver
sion <1.7>, but at most version <1.5> allowed
<Res_ETH.pdf, id=494, 963.6pt x 542.025pt>
File: Res_ETH.pdf Graphic file (type pdf)
 <use Res_ETH.pdf>
Package pdftex.def Info: Res_ETH.pdf used on input line 571.
(pdftex.def)             Requested size: 341.5519pt x 192.11833pt.
 [19] [20 <./Res_ETH.pdf>] [21]
Overfull \hbox (0.78654pt too wide) in paragraph at lines 624--626
\OT1/ptm/m/n/10 (B12018), and the UK EP-SRC (EP/N007743/1, MURI/EPSRC/DSTL, EP/
R018456/1). 
 []

(./elsarticle-template.bbl [22] [23] [24] [25] [26])

Package natbib Warning: There were undefined citations.

Package atveryend Info: Empty hook `BeforeClearDocument' on input line 630.
[27]
Package atveryend Info: Empty hook `AfterLastShipout' on input line 630.
 (./elsarticle-template.aux)
Package atveryend Info: Executing hook `AtVeryEndDocument' on input line 630.
Package atveryend Info: Executing hook `AtEndAfterFileList' on input line 630.
Package rerunfilecheck Info: File `elsarticle-template.out' has not changed.
(rerunfilecheck)             Checksum: 06118F7E000F1E7A57EA608AF478D5A2;1772.


LaTeX Warning: There were multiply-defined labels.

Package atveryend Info: Empty hook `AtVeryVeryEnd' on input line 630.
 ) 
Here is how much of TeX's memory you used:
 8066 strings out of 494881
 116073 string characters out of 6177970
 233379 words of memory out of 5000000
 11077 multiletter control sequences out of 15000+600000
 40027 words of font info for 96 fonts, out of 8000000 for 9000
 36 hyphenation exceptions out of 8191
 34i,21n,30p,1498b,581s stack positions out of 5000i,500n,10000p,200000b,80000s
{d:/latex/installing of texlive/texmf-dist/fonts/enc/dvips/base/8r.enc}<d:/la
tex/installing of texlive/texmf-dist/fonts/type1/public/amsfonts/cm/cmex10.pfb>
<d:/latex/installing of texlive/texmf-dist/fonts/type1/public/amsfonts/cm/cmmi1
0.pfb><d:/latex/installing of texlive/texmf-dist/fonts/type1/public/amsfonts/cm
/cmmi5.pfb><d:/latex/installing of texlive/texmf-dist/fonts/type1/public/amsfon
ts/cm/cmmi6.pfb><d:/latex/installing of texlive/texmf-dist/fonts/type1/public/a
msfonts/cm/cmmi7.pfb><d:/latex/installing of texlive/texmf-dist/fonts/type1/pub
lic/amsfonts/cm/cmmi8.pfb><d:/latex/installing of texlive/texmf-dist/fonts/type
1/public/amsfonts/cm/cmr10.pfb><d:/latex/installing of texlive/texmf-dist/fonts
/type1/public/amsfonts/cm/cmr5.pfb><d:/latex/installing of texlive/texmf-dist/f
onts/type1/public/amsfonts/cm/cmr7.pfb><d:/latex/installing of texlive/texmf-di
st/fonts/type1/public/amsfonts/cm/cmr8.pfb><d:/latex/installing of texlive/texm
f-dist/fonts/type1/public/amsfonts/cm/cmsy10.pfb><d:/latex/installing of texliv
e/texmf-dist/fonts/type1/public/amsfonts/cm/cmsy5.pfb><d:/latex/installing of t
exlive/texmf-dist/fonts/type1/public/amsfonts/cm/cmsy6.pfb><d:/latex/installing
 of texlive/texmf-dist/fonts/type1/public/amsfonts/cm/cmsy7.pfb><d:/latex/insta
lling of texlive/texmf-dist/fonts/type1/public/amsfonts/cm/cmsy8.pfb><d:/latex/
installing of texlive/texmf-dist/fonts/type1/public/amsfonts/cm/cmsy9.pfb><d:/l
atex/installing of texlive/texmf-dist/fonts/type1/public/amsfonts/symbols/msam1
0.pfb><d:/latex/installing of texlive/texmf-dist/fonts/type1/public/amsfonts/sy
mbols/msam7.pfb><d:/latex/installing of texlive/texmf-dist/fonts/type1/public/a
msfonts/symbols/msbm10.pfb><d:/latex/installing of texlive/texmf-dist/fonts/typ
e1/public/amsfonts/symbols/msbm7.pfb><d:/latex/installing of texlive/texmf-dist
/fonts/type1/urw/courier/ucrr8a.pfb><d:/latex/installing of texlive/texmf-dist/
fonts/type1/urw/courier/ucrro8a.pfb><d:/latex/installing of texlive/texmf-dist/
fonts/type1/urw/helvetic/uhvr8a.pfb><d:/latex/installing of texlive/texmf-dist/
fonts/type1/urw/times/utmb8a.pfb><d:/latex/installing of texlive/texmf-dist/fon
ts/type1/urw/times/utmr8a.pfb><d:/latex/installing of texlive/texmf-dist/fonts/
type1/urw/times/utmri8a.pfb>
Output written on elsarticle-template.pdf (27 pages, 734278 bytes).
PDF statistics:
 672 PDF objects out of 1000 (max. 8388607)
 572 compressed objects within 6 object streams
 130 named destinations out of 1000 (max. 500000)
 187 words of extra memory for PDF output out of 10000 (max. 10000000)

