\BOOKMARK [1][-]{section.1}{Introduction}{}% 1
\BOOKMARK [1][-]{section.2}{Related Work}{}% 2
\BOOKMARK [1][-]{section.3}{Riemannian Covariance Descriptors}{}% 3
\BOOKMARK [2][-]{subsection.3.1}{Conventional covariance computation}{section.3}% 4
\BOOKMARK [2][-]{subsection.3.2}{Riemannian covariance computation}{section.3}% 5
\BOOKMARK [2][-]{subsection.3.3}{Riemannian CovDs for describing image set}{section.3}% 6
\BOOKMARK [3][-]{subsubsection.3.3.1}{Conventional CovDs}{subsection.3.3}% 7
\BOOKMARK [3][-]{subsubsection.3.3.2}{Riemannian CovDs}{subsection.3.3}% 8
\BOOKMARK [2][-]{subsection.3.4}{A comparison with other improved variants of the conventional CovDs for image set coding}{section.3}% 9
\BOOKMARK [1][-]{section.4}{Riemannian local difference vector on Gaussian manifold}{}% 10
\BOOKMARK [2][-]{subsection.4.1}{Gaussian model}{section.4}% 11
\BOOKMARK [2][-]{subsection.4.2}{Calculating the Riemannian local difference vector on a Gaussian manifold}{section.4}% 12
\BOOKMARK [3][-]{subsubsection.4.2.1}{Directly calculated RieLDV-G \(DE-RieLDV-G\)}{subsection.4.2}% 13
\BOOKMARK [3][-]{subsubsection.4.2.2}{Indirectly calculated RieLDV-G \(IE-RieLDV-G\)}{subsection.4.2}% 14
\BOOKMARK [2][-]{subsection.4.3}{Calculating the Riemannian local difference vector on an SPD manifold}{section.4}% 15
\BOOKMARK [1][-]{section.5}{Experiments and Analysis}{}% 16
\BOOKMARK [2][-]{subsection.5.1}{Datasets and settings}{section.5}% 17
\BOOKMARK [2][-]{subsection.5.2}{Comparison with the conventional CovDs}{section.5}% 18
\BOOKMARK [2][-]{subsection.5.3}{Comparison with SOTA methods}{section.5}% 19
\BOOKMARK [2][-]{subsection.5.4}{Ablation study}{section.5}% 20
\BOOKMARK [1][-]{section.6}{Conclusion}{}% 21
\BOOKMARK [1][-]{section.7}{ACKNOWLEDGMENTS}{}% 22
